<?xml version="1.0" encoding="UTF-8"?>
<!-- Generated by org.testng.reporters.JUnitReportReporter -->
<testsuite skipped="0" hostname="Rocky" name="com.zest.functional.test.PriceComparisonTest" tests="1" failures="0" timestamp="2020-03-16T11:21:16 IST" time="28.051" errors="0">
  <testcase name="TestNGAssert_VerifyLowerPrice" time="28.051" classname="com.zest.functional.test.PriceComparisonTest"/>
  <system-out/>
</testsuite> <!-- com.zest.functional.test.PriceComparisonTest -->
